WHY ARE U HERE MY FRIEND? :>
GO FOLLOW US AT ==> https://facebook.com/cbhyouthonline

               .:^~!77??????77!~^:.               
           .^~77?7???7::::::7???7?77~^.           
        .^!???7~. ^???~    ~???^ .^7???!^.        
      .~7?7!~~7?!. :7??~  ~??7: .~77!~~7?7~.      
     ^7??!.^^^.~!~  .7??!!??7.  7?7.^^^.~??7^     
   .!????:~7^?:      .!????!.  :??^.?^7~ 7???!.   
  :7?!^??^.!7!.:^:     7??7    .7?!.~77::??~!?7:  
 .7?!  ^??!^^^!??~.....7??7.....^??!^^^~7?~  !?7. 
 7?7.  ^7?????????????????????????????????~  .7?7 
^??:  !???!~~~~~~^^^~~~~~~~~~~^^~~~~~~~~7??!. :??^
7?7  :???!       ..            .        .???~  7?7
??!  :???~      .7?7!~^::::^~!??~       :???^  !??
??!   !???~.     :^~!7?????77!~:.      ^7??7.  !??
7?7   .!???7^         ......         :7???!.   7?7
^??:    ^7???!:                    .!???7^    :??^
 7?7      ~???7.                  :????~      7?7 
 .7?!    :7???~                   .!???!     !?7. 
  :7?!. ~????~                      !???7: .!?7:  
   .!?77????^                        ~????~7?!.   
     ^7???7:                          ^????7^     
      .~7?7^.                        .^??7~.      
        .^!??7~:.                .:~7??!^.        
           .^~7??7!~~^^::::^^~~!7??7~^.           
               .:^~!77??????77!~^:.               

========== Wed  8 Oct 19:06:27 +07 2025 ==========
From https://github.com/tunnaduong/cbh-youth-online-api
   e91485e..156044e  main       -> origin/main
HEAD is now at 156044e Update api.php
From https://github.com/tunnaduong/cbh-youth-online-api
 * branch            main       -> FETCH_HEAD
Already up to date.
Deploy completed successfully
========== Thu  9 Oct 10:48:33 +07 2025 ==========
HEAD is now at 4ef8328 Update TopicsController.php
From https://github.com/tunnaduong/cbh-youth-online-api
 * branch            main       -> FETCH_HEAD
Already up to date.
Deploy completed successfully
========== Thu  9 Oct 16:09:23 +07 2025 ==========
From https://github.com/tunnaduong/cbh-youth-online-api
   4ef8328..a20f04e  main       -> origin/main
HEAD is now at a20f04e ok
From https://github.com/tunnaduong/cbh-youth-online-api
 * branch            main       -> FETCH_HEAD
Already up to date.
Deploy completed successfully
========== Fri 10 Oct 10:02:10 +07 2025 ==========
From https://github.com/tunnaduong/cbh-youth-online-api
   a20f04e..31e53d8  main       -> origin/main
HEAD is now at 31e53d8 Update StatsCacheService.php
From https://github.com/tunnaduong/cbh-youth-online-api
 * branch            main       -> FETCH_HEAD
Already up to date.
Deploy completed successfully
========== Fri 10 Oct 10:15:55 +07 2025 ==========
From https://github.com/tunnaduong/cbh-youth-online-api
   31e53d8..4a2325c  main       -> origin/main
HEAD is now at 4a2325c Remove caching for forum stats and online user tracking
From https://github.com/tunnaduong/cbh-youth-online-api
 * branch            main       -> FETCH_HEAD
Already up to date.
Deploy completed successfully
========== Fri 10 Oct 10:49:04 +07 2025 ==========
From https://github.com/tunnaduong/cbh-youth-online-api
   4a2325c..3e0d54c  main       -> origin/main
HEAD is now at 3e0d54c Refactor online user tracking and stats system
From https://github.com/tunnaduong/cbh-youth-online-api
 * branch            main       -> FETCH_HEAD
Already up to date.
Deploy completed successfully
========== Fri 10 Oct 10:52:15 +07 2025 ==========
From https://github.com/tunnaduong/cbh-youth-online-api
   3e0d54c..4c89e91  main       -> origin/main
HEAD is now at 4c89e91 Update OnlineUserController.php
From https://github.com/tunnaduong/cbh-youth-online-api
 * branch            main       -> FETCH_HEAD
Already up to date.
Deploy completed successfully
========== Fri 10 Oct 11:04:56 +07 2025 ==========
From https://github.com/tunnaduong/cbh-youth-online-api
   4c89e91..1ab3ad2  main       -> origin/main
HEAD is now at 1ab3ad2 Update OnlineUserController.php
From https://github.com/tunnaduong/cbh-youth-online-api
 * branch            main       -> FETCH_HEAD
Already up to date.
Deploy completed successfully
========== Fri 10 Oct 12:08:53 +07 2025 ==========
From https://github.com/tunnaduong/cbh-youth-online-api
   1ab3ad2..bc9523f  main       -> origin/main
HEAD is now at bc9523f Update api.php
From https://github.com/tunnaduong/cbh-youth-online-api
 * branch            main       -> FETCH_HEAD
Already up to date.
Deploy completed successfully
========== Fri 10 Oct 12:25:37 +07 2025 ==========
From https://github.com/tunnaduong/cbh-youth-online-api
   bc9523f..c6bbf27  main       -> origin/main
HEAD is now at c6bbf27 fallback for online stats
From https://github.com/tunnaduong/cbh-youth-online-api
 * branch            main       -> FETCH_HEAD
Already up to date.
Deploy completed successfully
========== Fri 10 Oct 12:48:41 +07 2025 ==========
From https://github.com/tunnaduong/cbh-youth-online-api
   c6bbf27..58d10ab  main       -> origin/main
HEAD is now at 58d10ab Update OnlineUserController.php
From https://github.com/tunnaduong/cbh-youth-online-api
 * branch            main       -> FETCH_HEAD
Already up to date.
Deploy completed successfully
========== Fri 10 Oct 13:45:56 +07 2025 ==========
From https://github.com/tunnaduong/cbh-youth-online-api
   58d10ab..a7aee65  main       -> origin/main
HEAD is now at a7aee65 Add command to convert Markdown comments to HTML
From https://github.com/tunnaduong/cbh-youth-online-api
 * branch            main       -> FETCH_HEAD
Already up to date.
Deploy completed successfully
========== Fri 10 Oct 14:32:39 +07 2025 ==========
From https://github.com/tunnaduong/cbh-youth-online-api
   a7aee65..31917f1  main       -> origin/main
HEAD is now at 31917f1 remove online user middleware
From https://github.com/tunnaduong/cbh-youth-online-api
 * branch            main       -> FETCH_HEAD
Already up to date.
Deploy completed successfully
========== Fri 10 Oct 15:55:14 +07 2025 ==========
From https://github.com/tunnaduong/cbh-youth-online-api
   31917f1..43f0d56  main       -> origin/main
HEAD is now at 43f0d56 Update TopicsController.php
From https://github.com/tunnaduong/cbh-youth-online-api
 * branch            main       -> FETCH_HEAD
Already up to date.
Deploy completed successfully
========== Fri 10 Oct 16:26:33 +07 2025 ==========
From https://github.com/tunnaduong/cbh-youth-online-api
   43f0d56..3f98e8d  main       -> origin/main
HEAD is now at 3f98e8d Update api.php
From https://github.com/tunnaduong/cbh-youth-online-api
 * branch            main       -> FETCH_HEAD
Already up to date.
Deploy completed successfully
========== Fri 10 Oct 16:48:14 +07 2025 ==========
From https://github.com/tunnaduong/cbh-youth-online-api
   3f98e8d..287760f  main       -> origin/main
HEAD is now at 287760f Add comment_html column and update conversion command
From https://github.com/tunnaduong/cbh-youth-online-api
 * branch            main       -> FETCH_HEAD
Already up to date.
Deploy completed successfully
========== Fri 10 Oct 17:11:22 +07 2025 ==========
From https://github.com/tunnaduong/cbh-youth-online-api
   287760f..8f755ce  main       -> origin/main
HEAD is now at 8f755ce Add comment_html support and fix comment timestamps
From https://github.com/tunnaduong/cbh-youth-online-api
 * branch            main       -> FETCH_HEAD
Already up to date.
Deploy completed successfully
========== Fri 10 Oct 18:39:26 +07 2025 ==========
From https://github.com/tunnaduong/cbh-youth-online-api
   8f755ce..6043ae1  main       -> origin/main
HEAD is now at 6043ae1 Update TopicsController.php
From https://github.com/tunnaduong/cbh-youth-online-api
 * branch            main       -> FETCH_HEAD
Already up to date.
Deploy completed successfully
========== Fri 10 Oct 22:35:00 +07 2025 ==========
From https://github.com/tunnaduong/cbh-youth-online-api
   6043ae1..4515380  main       -> origin/main
HEAD is now at 4515380 Update VerifyEmail.php
From https://github.com/tunnaduong/cbh-youth-online-api
 * branch            main       -> FETCH_HEAD
Already up to date.
Deploy completed successfully
========== Fri 10 Oct 22:46:44 +07 2025 ==========
From https://github.com/tunnaduong/cbh-youth-online-api
   4515380..d9fed00  main       -> origin/main
HEAD is now at d9fed00 Update AuthController.php
From https://github.com/tunnaduong/cbh-youth-online-api
 * branch            main       -> FETCH_HEAD
Already up to date.
Deploy completed successfully
========== Sat 11 Oct 14:19:17 +07 2025 ==========
From https://github.com/tunnaduong/cbh-youth-online-api
   d9fed00..fb6d60a  main       -> origin/main
HEAD is now at fb6d60a Add API docs tools and fix ForumController query
From https://github.com/tunnaduong/cbh-youth-online-api
 * branch            main       -> FETCH_HEAD
Already up to date.
Deploy completed successfully
========== Sat 11 Oct 14:20:15 +07 2025 ==========
From https://github.com/tunnaduong/cbh-youth-online-api
   fb6d60a..a3fc7d5  main       -> origin/main
HEAD is now at a3fc7d5 remove package
From https://github.com/tunnaduong/cbh-youth-online-api
 * branch            main       -> FETCH_HEAD
Already up to date.
Deploy completed successfully
========== Sat 11 Oct 14:27:27 +07 2025 ==========
From https://github.com/tunnaduong/cbh-youth-online-api
   a3fc7d5..caced78  main       -> origin/main
HEAD is now at caced78 Update AppServiceProvider.php
From https://github.com/tunnaduong/cbh-youth-online-api
 * branch            main       -> FETCH_HEAD
Already up to date.
Deploy completed successfully
========== Sat 11 Oct 14:32:26 +07 2025 ==========
From https://github.com/tunnaduong/cbh-youth-online-api
   caced78..a05d5e8  main       -> origin/main
HEAD is now at a05d5e8 update
From https://github.com/tunnaduong/cbh-youth-online-api
 * branch            main       -> FETCH_HEAD
Already up to date.
Deploy completed successfully
========== Sat 11 Oct 16:07:23 +07 2025 ==========
From https://github.com/tunnaduong/cbh-youth-online-api
   a05d5e8..f9413aa  main       -> origin/main
HEAD is now at f9413aa Update TopicsController.php
From https://github.com/tunnaduong/cbh-youth-online-api
 * branch            main       -> FETCH_HEAD
Already up to date.
Deploy completed successfully
========== Sun 12 Oct 21:20:04 +07 2025 ==========
From https://github.com/tunnaduong/cbh-youth-online-api
   f9413aa..bbae678  main       -> origin/main
HEAD is now at bbae678 Update TopicsController.php
From https://github.com/tunnaduong/cbh-youth-online-api
 * branch            main       -> FETCH_HEAD
Already up to date.
Deploy completed successfully
========== Mon 13 Oct 12:00:26 +07 2025 ==========
From https://github.com/tunnaduong/cbh-youth-online-api
   bbae678..251a8d2  main       -> origin/main
HEAD is now at 251a8d2 Update TopicsController.php
From https://github.com/tunnaduong/cbh-youth-online-api
 * branch            main       -> FETCH_HEAD
Already up to date.
Deploy completed successfully
========== Mon 13 Oct 13:23:50 +07 2025 ==========
From https://github.com/tunnaduong/cbh-youth-online-api
   251a8d2..bbf0d9e  main       -> origin/main
HEAD is now at bbf0d9e Update TopicsController.php
From https://github.com/tunnaduong/cbh-youth-online-api
 * branch            main       -> FETCH_HEAD
Already up to date.
Deploy completed successfully
========== Sat Oct 18 18:04:00 +07 2025 ==========
HEAD is now at ec28d91 Refactor YouthNewsController pagination and update routes
warning: failed to remove public/.user.ini: Operation not permitted
Removing .htaccess
From https://github.com/tunnaduong/cbh-youth-online-api
 * branch            main       -> FETCH_HEAD
Already up to date.
chown: changing ownership of '/www/wwwroot/api.chuyenbienhoa.com/public/.user.ini': Operation not permitted
Deploy completed successfully
========== Sat Oct 18 18:04:12 +07 2025 ==========
HEAD is now at ec28d91 Refactor YouthNewsController pagination and update routes
warning: failed to remove public/.user.ini: Operation not permitted
From https://github.com/tunnaduong/cbh-youth-online-api
 * branch            main       -> FETCH_HEAD
Already up to date.
chown: changing ownership of '/www/wwwroot/api.chuyenbienhoa.com/public/.user.ini': Operation not permitted
Deploy completed successfully
